<html>
<head>
<title>TestNG:  menus in free account inside header</title>
<link href="../testng.css" rel="stylesheet" type="text/css" />
<link href="../my-testng.css" rel="stylesheet" type="text/css" />

<style type="text/css">
.log { display: none;} 
.stack-trace { display: none;} 
</style>
<script type="text/javascript">
<!--
function flip(e) {
  current = e.style.display;
  if (current == 'block') {
    e.style.display = 'none';
    return 0;
  }
  else {
    e.style.display = 'block';
    return 1;
  }
}

function toggleBox(szDivId, elem, msg1, msg2)
{
  var res = -1;  if (document.getElementById) {
    res = flip(document.getElementById(szDivId));
  }
  else if (document.all) {
    // this is the way old msie versions work
    res = flip(document.all[szDivId]);
  }
  if(elem) {
    if(res == 0) elem.innerHTML = msg1; else elem.innerHTML = msg2;
  }

}

function toggleAllBoxes() {
  if (document.getElementsByTagName) {
    d = document.getElementsByTagName('div');
    for (i = 0; i < d.length; i++) {
      if (d[i].className == 'log') {
        flip(d[i]);
      }
    }
  }
}

// -->
</script>

</head>
<body>
<h2 align='center'>menus in free account inside header</h2><table border='1' align="center">
<tr>
<td>Tests passed/Failed/Skipped:</td><td>1/0/0</td>
</tr><tr>
<td>Started on:</td><td>Wed Apr 19 15:35:40 IST 2023</td>
</tr>
<tr><td>Total time:</td><td>12 seconds (12612 ms)</td>
</tr><tr>
<td>Included groups:</td><td></td>
</tr><tr>
<td>Excluded groups:</td><td></td>
</tr>
</table><p/>
<small><i>(Hover the method name to see the test class name)</i></small><p/>
<table width='100%' border='1' class='invocation-failed'>
<tr><td colspan='4' align='center'><b>FAILED TESTS</b></td></tr>
<tr><td><b>Test method</b></td>
<td width="30%"><b>Exception</b></td>
<td width="10%"><b>Time (seconds)</b></td>
<td><b>Instance</b></td>
</tr>
<tr>
<td title='Factile_Mode_v3.DeleteAccount.DeleteAccount()'><b>DeleteAccount</b><br>Test class: Factile_Mode_v3.DeleteAccount</td>
<td><div><pre>java.lang.AssertionError: did not expect to find [true] but found [false]
	at Factile_Mode_v3.DeleteAccount.DeleteAccount(DeleteAccount.java:94)
	at java.base/java.util.ArrayList.forEach(ArrayList.java:1511)
... Removed 31 stack frames</pre></div><a href='#' onClick='toggleBox("stack-trace1035726142", this, "Click to show all stack frames", "Click to hide stack frames")'>Click to show all stack frames</a>
<div class='stack-trace' id='stack-trace1035726142'><pre>java.lang.AssertionError: did not expect to find [true] but found [false]
	at org.testng.Assert.fail(Assert.java:97)
	at org.testng.Assert.failNotEquals(Assert.java:969)
	at org.testng.Assert.assertTrue(Assert.java:43)
	at org.testng.Assert.assertTrue(Assert.java:53)
	at Factile_Mode_v3.DeleteAccount.DeleteAccount(DeleteAccount.java:94)
	at java.base/jdk.internal.reflect.NativeMethodAccessorImpl.invoke0(Native Method)
	at java.base/jdk.internal.reflect.NativeMethodAccessorImpl.invoke(NativeMethodAccessorImpl.java:77)
	at java.base/jdk.internal.reflect.DelegatingMethodAccessorImpl.invoke(DelegatingMethodAccessorImpl.java:43)
	at java.base/java.lang.reflect.Method.invoke(Method.java:568)
	at org.testng.internal.MethodInvocationHelper.invokeMethod(MethodInvocationHelper.java:133)
	at org.testng.internal.TestInvoker.invokeMethod(TestInvoker.java:584)
	at org.testng.internal.TestInvoker.invokeTestMethod(TestInvoker.java:172)
	at org.testng.internal.MethodRunner.runInSequence(MethodRunner.java:46)
	at org.testng.internal.TestInvoker$MethodInvocationAgent.invoke(TestInvoker.java:804)
	at org.testng.internal.TestInvoker.invokeTestMethods(TestInvoker.java:145)
	at org.testng.internal.TestMethodWorker.invokeTestMethods(TestMethodWorker.java:146)
	at org.testng.internal.TestMethodWorker.run(TestMethodWorker.java:128)
	at java.base/java.util.ArrayList.forEach(ArrayList.java:1511)
	at org.testng.TestRunner.privateRun(TestRunner.java:770)
	at org.testng.TestRunner.run(TestRunner.java:591)
	at org.testng.SuiteRunner.runTest(SuiteRunner.java:402)
	at org.testng.SuiteRunner.runSequentially(SuiteRunner.java:396)
	at org.testng.SuiteRunner.privateRun(SuiteRunner.java:355)
	at org.testng.SuiteRunner.run(SuiteRunner.java:304)
	at org.testng.SuiteRunnerWorker.runSuite(SuiteRunnerWorker.java:53)
	at org.testng.SuiteRunnerWorker.run(SuiteRunnerWorker.java:96)
	at org.testng.TestNG.runSuitesSequentially(TestNG.java:1180)
	at org.testng.TestNG.runSuitesLocally(TestNG.java:1102)
	at org.testng.TestNG.runSuites(TestNG.java:1032)
	at org.testng.TestNG.run(TestNG.java:1000)
	at org.testng.remote.AbstractRemoteTestNG.run(AbstractRemoteTestNG.java:115)
	at org.testng.remote.RemoteTestNG.initAndRun(RemoteTestNG.java:251)
	at org.testng.remote.RemoteTestNG.main(RemoteTestNG.java:77)
</pre></div></td>
<td>36</td>
<td>Factile_Mode_v3.DeleteAccount@29caf222</td></tr>
</table><p>
<table width='100%' border='1' class='invocation-passed'>
<tr><td colspan='4' align='center'><b>PASSED TESTS</b></td></tr>
<tr><td><b>Test method</b></td>
<td width="30%"><b>Exception</b></td>
<td width="10%"><b>Time (seconds)</b></td>
<td><b>Instance</b></td>
</tr>
<tr>
<td title='Factile_Mode_v3.ChangePassword.ChangePassword()'><b>ChangePassword</b><br>Test class: Factile_Mode_v3.ChangePassword</td>
<td></td>
<td>14</td>
<td>Factile_Mode_v3.ChangePassword@39c11e6c</td></tr>
<tr>
<td title='Factile_Mode_v3.HeaderMenuInFreeAccount.Fetching_Header_menus_From_Paid_Account()'><b>Fetching_Header_menus_From_Paid_Account</b><br>Test class: Factile_Mode_v3.HeaderMenuInFreeAccount</td>
<td></td>
<td>4</td>
<td>Factile_Mode_v3.HeaderMenuInFreeAccount@547e29a4</td></tr>
<tr>
<td title='Factile_Mode_v3.ForgetPassword.Forget_Password()'><b>Forget_Password</b><br>Test class: Factile_Mode_v3.ForgetPassword</td>
<td></td>
<td>43</td>
<td>Factile_Mode_v3.ForgetPassword@669253b7</td></tr>
<tr>
<td title='Factile_Mode_v3.GoProToSubscriptionBussinessMonthlyData_Verify.GoProTBussinessMonthlySubscriptionAndNextComingDate()'><b>GoProTBussinessMonthlySubscriptionAndNextComingDate</b><br>Test class: Factile_Mode_v3.GoProToSubscriptionBussinessMonthlyData_Verify</td>
<td></td>
<td>47</td>
<td>Factile_Mode_v3.GoProToSubscriptionBussinessMonthlyData_Verify@6ab72419</td></tr>
<tr>
<td title='Factile_Mode_v3.GoProToSubscriptionBussinessYearlyData_Verify.GoProToBussinessYearlySubscriptionAndNextComingDate()'><b>GoProToBussinessYearlySubscriptionAndNextComingDate</b><br>Test class: Factile_Mode_v3.GoProToSubscriptionBussinessYearlyData_Verify</td>
<td></td>
<td>43</td>
<td>Factile_Mode_v3.GoProToSubscriptionBussinessYearlyData_Verify@473b3b7a</td></tr>
<tr>
<td title='Factile_Mode_v3.GoProToSubscriptionHomeSchoolMonthlyData_Verify.GoProToHomeSchoolMonthlySubscriptionAndNextComingDate()'><b>GoProToHomeSchoolMonthlySubscriptionAndNextComingDate</b><br>Test class: Factile_Mode_v3.GoProToSubscriptionHomeSchoolMonthlyData_Verify</td>
<td></td>
<td>48</td>
<td>Factile_Mode_v3.GoProToSubscriptionHomeSchoolMonthlyData_Verify@70e29e14</td></tr>
<tr>
<td title='Factile_Mode_v3.GoProToSubscriptionHomeSchoolYearlyData_Verify.GoProToHomeSchoolYearlySubscriptionAndNextComingDate()'><b>GoProToHomeSchoolYearlySubscriptionAndNextComingDate</b><br>Test class: Factile_Mode_v3.GoProToSubscriptionHomeSchoolYearlyData_Verify</td>
<td></td>
<td>51</td>
<td>Factile_Mode_v3.GoProToSubscriptionHomeSchoolYearlyData_Verify@f8908f6</td></tr>
<tr>
<td title='Factile_Mode_v3.Log_In.Log_in()'><b>Log_in</b><br>Test class: Factile_Mode_v3.Log_In</td>
<td></td>
<td>3</td>
<td>Factile_Mode_v3.Log_In@d816dde</td></tr>
<tr>
<td title='Factile_Mode_v3.Sign_UP.SignUP_Verify()'><b>SignUP_Verify</b><br>Test class: Factile_Mode_v3.Sign_UP</td>
<td></td>
<td>13</td>
<td>Factile_Mode_v3.Sign_UP@425357dd</td></tr>
<tr>
<td title='Factile_Mode_v3.Sign_Out.Sign_Out()'><b>Sign_Out</b><br>Test class: Factile_Mode_v3.Sign_Out</td>
<td></td>
<td>15</td>
<td>Factile_Mode_v3.Sign_Out@7db0565c</td></tr>
<tr>
<td title='Factile_Mode_v3.TwoFactorAuthentication.Two_Factor_Authentication()'><b>Two_Factor_Authentication</b><br>Test class: Factile_Mode_v3.TwoFactorAuthentication</td>
<td></td>
<td>46</td>
<td>Factile_Mode_v3.TwoFactorAuthentication@52c8295b</td></tr>
<tr>
<td title='Factile_Mode_v3.Sign_UP.delete_Account()'><b>delete_Account</b><br>Test class: Factile_Mode_v3.Sign_UP</td>
<td></td>
<td>10</td>
<td>Factile_Mode_v3.Sign_UP@425357dd</td></tr>
</table><p>
<table width='100%' border='1' class='invocation-skipped'>
<tr><td colspan='4' align='center'><b>SKIPPED TESTS</b></td></tr>
<tr><td><b>Test method</b></td>
<td width="30%"><b>Exception</b></td>
<td width="10%"><b>Time (seconds)</b></td>
<td><b>Instance</b></td>
</tr>
<tr>
<td title='Factile_Mode_v3.Support_Form.Support_Form_Verify()'><b>Support_Form_Verify</b><br>Test class: Factile_Mode_v3.Support_Form</td>
<td><div><pre>org.openqa.selenium.TimeoutException: timeout: Timed out receiving message from renderer: 58.190
  (Session info: chrome=112.0.5615.86)
Build info: version: &apos;3.141.59&apos;, revision: &apos;e82be7d358&apos;, time: &apos;2018-11-14T08:17:03&apos;
System info: host: &apos;DESKTOP-NLMSAMV&apos;, ip: &apos;192.168.0.106&apos;, os.name: &apos;Windows 11&apos;, os.arch: &apos;amd64&apos;, os.version: &apos;10.0&apos;, java.version: &apos;17.0.4.1&apos;
Driver info: org.openqa.selenium.chrome.ChromeDriver
Capabilities {acceptInsecureCerts: false, browserName: chrome, browserVersion: 112.0.5615.86, chrome: {chromedriverVersion: 111.0.5563.64 (c710e93d5b63..., userDataDir: C:\Users\DELL\AppData\Local...}, goog:chromeOptions: {debuggerAddress: localhost:52470}, javascriptEnabled: true, networkConnectionEnabled: false, pageLoadStrategy: normal, platform: WINDOWS, platformName: WINDOWS, proxy: Proxy(), setWindowRect: true, strictFileInteractability: false, timeouts: {implicit: 0, pageLoad: 300000, script: 30000}, unhandledPromptBehavior: dismiss and notify, webauthn:extension:credBlob: true, webauthn:extension:largeBlob: true, webauthn:extension:minPinLength: true, webauthn:extension:prf: true, webauthn:virtualAuthenticators: true}
Session ID: dbfb1817be51bad7c272436b1983170c
	at org.openqa.selenium.remote.http.W3CHttpResponseCodec.createException(W3CHttpResponseCodec.java:187)
	at org.openqa.selenium.remote.http.W3CHttpResponseCodec.decode(W3CHttpResponseCodec.java:122)
	at org.openqa.selenium.remote.http.W3CHttpResponseCodec.decode(W3CHttpResponseCodec.java:49)
	at org.openqa.selenium.remote.HttpCommandExecutor.execute(HttpCommandExecutor.java:158)
	at org.openqa.selenium.remote.service.DriverCommandExecutor.execute(DriverCommandExecutor.java:83)
	at org.openqa.selenium.remote.RemoteWebDriver.execute(RemoteWebDriver.java:552)
	at org.openqa.selenium.remote.RemoteWebDriver.get(RemoteWebDriver.java:277)
	at Factile_Mode_v3.Support_Form.initilize(Support_Form.java:37)
... Removed 29 stack frames</pre></div><a href='#' onClick='toggleBox("stack-trace78646617", this, "Click to show all stack frames", "Click to hide stack frames")'>Click to show all stack frames</a>
<div class='stack-trace' id='stack-trace78646617'><pre>org.openqa.selenium.TimeoutException: timeout: Timed out receiving message from renderer: 58.190
  (Session info: chrome=112.0.5615.86)
Build info: version: &apos;3.141.59&apos;, revision: &apos;e82be7d358&apos;, time: &apos;2018-11-14T08:17:03&apos;
System info: host: &apos;DESKTOP-NLMSAMV&apos;, ip: &apos;192.168.0.106&apos;, os.name: &apos;Windows 11&apos;, os.arch: &apos;amd64&apos;, os.version: &apos;10.0&apos;, java.version: &apos;17.0.4.1&apos;
Driver info: org.openqa.selenium.chrome.ChromeDriver
Capabilities {acceptInsecureCerts: false, browserName: chrome, browserVersion: 112.0.5615.86, chrome: {chromedriverVersion: 111.0.5563.64 (c710e93d5b63..., userDataDir: C:\Users\DELL\AppData\Local...}, goog:chromeOptions: {debuggerAddress: localhost:52470}, javascriptEnabled: true, networkConnectionEnabled: false, pageLoadStrategy: normal, platform: WINDOWS, platformName: WINDOWS, proxy: Proxy(), setWindowRect: true, strictFileInteractability: false, timeouts: {implicit: 0, pageLoad: 300000, script: 30000}, unhandledPromptBehavior: dismiss and notify, webauthn:extension:credBlob: true, webauthn:extension:largeBlob: true, webauthn:extension:minPinLength: true, webauthn:extension:prf: true, webauthn:virtualAuthenticators: true}
Session ID: dbfb1817be51bad7c272436b1983170c
	at java.base/jdk.internal.reflect.NativeConstructorAccessorImpl.newInstance0(Native Method)
	at java.base/jdk.internal.reflect.NativeConstructorAccessorImpl.newInstance(NativeConstructorAccessorImpl.java:77)
	at java.base/jdk.internal.reflect.DelegatingConstructorAccessorImpl.newInstance(DelegatingConstructorAccessorImpl.java:45)
	at java.base/java.lang.reflect.Constructor.newInstanceWithCaller(Constructor.java:499)
	at java.base/java.lang.reflect.Constructor.newInstance(Constructor.java:480)
	at org.openqa.selenium.remote.http.W3CHttpResponseCodec.createException(W3CHttpResponseCodec.java:187)
	at org.openqa.selenium.remote.http.W3CHttpResponseCodec.decode(W3CHttpResponseCodec.java:122)
	at org.openqa.selenium.remote.http.W3CHttpResponseCodec.decode(W3CHttpResponseCodec.java:49)
	at org.openqa.selenium.remote.HttpCommandExecutor.execute(HttpCommandExecutor.java:158)
	at org.openqa.selenium.remote.service.DriverCommandExecutor.execute(DriverCommandExecutor.java:83)
	at org.openqa.selenium.remote.RemoteWebDriver.execute(RemoteWebDriver.java:552)
	at org.openqa.selenium.remote.RemoteWebDriver.get(RemoteWebDriver.java:277)
	at Factile_Mode_v3.Support_Form.initilize(Support_Form.java:37)
	at java.base/jdk.internal.reflect.NativeMethodAccessorImpl.invoke0(Native Method)
	at java.base/jdk.internal.reflect.NativeMethodAccessorImpl.invoke(NativeMethodAccessorImpl.java:77)
	at java.base/jdk.internal.reflect.DelegatingMethodAccessorImpl.invoke(DelegatingMethodAccessorImpl.java:43)
	at java.base/java.lang.reflect.Method.invoke(Method.java:568)
	at org.testng.internal.MethodInvocationHelper.invokeMethod(MethodInvocationHelper.java:133)
	at org.testng.internal.MethodInvocationHelper.invokeMethodConsideringTimeout(MethodInvocationHelper.java:62)
	at org.testng.internal.ConfigInvoker.invokeConfigurationMethod(ConfigInvoker.java:340)
	at org.testng.internal.ConfigInvoker.invokeConfigurations(ConfigInvoker.java:294)
	at org.testng.TestRunner.invokeTestConfigurations(TestRunner.java:623)
	at org.testng.TestRunner.beforeRun(TestRunner.java:613)
	at org.testng.TestRunner.run(TestRunner.java:584)
	at org.testng.SuiteRunner.runTest(SuiteRunner.java:402)
	at org.testng.SuiteRunner.runSequentially(SuiteRunner.java:396)
	at org.testng.SuiteRunner.privateRun(SuiteRunner.java:355)
	at org.testng.SuiteRunner.run(SuiteRunner.java:304)
	at org.testng.SuiteRunnerWorker.runSuite(SuiteRunnerWorker.java:53)
	at org.testng.SuiteRunnerWorker.run(SuiteRunnerWorker.java:96)
	at org.testng.TestNG.runSuitesSequentially(TestNG.java:1180)
	at org.testng.TestNG.runSuitesLocally(TestNG.java:1102)
	at org.testng.TestNG.runSuites(TestNG.java:1032)
	at org.testng.TestNG.run(TestNG.java:1000)
	at org.testng.remote.AbstractRemoteTestNG.run(AbstractRemoteTestNG.java:115)
	at org.testng.remote.RemoteTestNG.initAndRun(RemoteTestNG.java:251)
	at org.testng.remote.RemoteTestNG.main(RemoteTestNG.java:77)
</pre></div></td>
<td>0</td>
<td>Factile_Mode_v3.Support_Form@2d35442b</td></tr>
</table><p>
</body>
</html>