<html>
<head>
<title>TestNG:  Play as Numbered Tiles instead of Jeopardy-style</title>
<link href="../testng.css" rel="stylesheet" type="text/css" />
<link href="../my-testng.css" rel="stylesheet" type="text/css" />

<style type="text/css">
.log { display: none;} 
.stack-trace { display: none;} 
</style>
<script type="text/javascript">
<!--
function flip(e) {
  current = e.style.display;
  if (current == 'block') {
    e.style.display = 'none';
    return 0;
  }
  else {
    e.style.display = 'block';
    return 1;
  }
}

function toggleBox(szDivId, elem, msg1, msg2)
{
  var res = -1;  if (document.getElementById) {
    res = flip(document.getElementById(szDivId));
  }
  else if (document.all) {
    // this is the way old msie versions work
    res = flip(document.all[szDivId]);
  }
  if(elem) {
    if(res == 0) elem.innerHTML = msg1; else elem.innerHTML = msg2;
  }

}

function toggleAllBoxes() {
  if (document.getElementsByTagName) {
    d = document.getElementsByTagName('div');
    for (i = 0; i < d.length; i++) {
      if (d[i].className == 'log') {
        flip(d[i]);
      }
    }
  }
}

// -->
</script>

</head>
<body>
<h2 align='center'>Play as Numbered Tiles instead of Jeopardy-style</h2><table border='1' align="center">
<tr>
<td>Tests passed/Failed/Skipped:</td><td>1/0/0</td>
</tr><tr>
<td>Started on:</td><td>Wed Dec 09 20:47:30 IST 2020</td>
</tr>
<tr><td>Total time:</td><td>71 seconds (71099 ms)</td>
</tr><tr>
<td>Included groups:</td><td></td>
</tr><tr>
<td>Excluded groups:</td><td></td>
</tr>
</table><p/>
<small><i>(Hover the method name to see the test class name)</i></small><p/>
<table width='100%' border='1' class='invocation-failed'>
<tr><td colspan='4' align='center'><b>FAILED TESTS</b></td></tr>
<tr><td><b>Test method</b></td>
<td width="30%"><b>Exception</b></td>
<td width="10%"><b>Time (seconds)</b></td>
<td><b>Instance</b></td>
</tr>
<tr>
<td title='Factile_Mode.DGBP_HSB_TestCase_7.TC_7_Verify_Exact_Case_When_checked_At_Global_Settings()'><b>TC_7_Verify_Exact_Case_When_checked_At_Global_Settings</b><br>Test class: Factile_Mode.DGBP_HSB_TestCase_7</td>
<td><div><pre>org.openqa.selenium.NoSuchElementException: no such element: Unable to locate element: {&quot;method&quot;:&quot;xpath&quot;,&quot;selector&quot;:&quot;(//div[@class=&apos;characterBlock position-relative&apos;])[last()]&quot;}
  (Session info: chrome=86.0.4240.75)
For documentation on this error, please visit: https://www.seleniumhq.org/exceptions/no_such_element.html
Build info: version: &apos;3.141.59&apos;, revision: &apos;e82be7d358&apos;, time: &apos;2018-11-14T08:17:03&apos;
System info: host: &apos;DESKTOP-HKE6JL3&apos;, ip: &apos;192.168.0.106&apos;, os.name: &apos;Windows 10&apos;, os.arch: &apos;amd64&apos;, os.version: &apos;10.0&apos;, java.version: &apos;15.0.1&apos;
Driver info: org.openqa.selenium.chrome.ChromeDriver
Capabilities {acceptInsecureCerts: false, browserName: chrome, browserVersion: 86.0.4240.75, chrome: {chromedriverVersion: 86.0.4240.22 (398b0743353ff..., userDataDir: C:\Users\DELIGE~1\AppData\L...}, goog:chromeOptions: {debuggerAddress: localhost:59739}, javascriptEnabled: true, networkConnectionEnabled: false, pageLoadStrategy: normal, platform: WINDOWS, platformName: WINDOWS, proxy: Proxy(), setWindowRect: true, strictFileInteractability: false, timeouts: {implicit: 0, pageLoad: 300000, script: 30000}, unhandledPromptBehavior: dismiss and notify, webauthn:virtualAuthenticators: true}
Session ID: 542cf9d9fbf979b0c25ff2b99c2debdb
*** Element info: {Using=xpath, value=(//div[@class=&apos;characterBlock position-relative&apos;])[last()]}
	at org.openqa.selenium.remote.http.W3CHttpResponseCodec.createException(W3CHttpResponseCodec.java:187)
	at org.openqa.selenium.remote.http.W3CHttpResponseCodec.decode(W3CHttpResponseCodec.java:122)
	at org.openqa.selenium.remote.http.W3CHttpResponseCodec.decode(W3CHttpResponseCodec.java:49)
	at org.openqa.selenium.remote.HttpCommandExecutor.execute(HttpCommandExecutor.java:158)
	at org.openqa.selenium.remote.service.DriverCommandExecutor.execute(DriverCommandExecutor.java:83)
	at org.openqa.selenium.remote.RemoteWebDriver.execute(RemoteWebDriver.java:552)
	at org.openqa.selenium.remote.RemoteWebDriver.findElement(RemoteWebDriver.java:323)
	at org.openqa.selenium.remote.RemoteWebDriver.findElementByXPath(RemoteWebDriver.java:428)
	at org.openqa.selenium.By$ByXPath.findElement(By.java:353)
	at org.openqa.selenium.remote.RemoteWebDriver.findElement(RemoteWebDriver.java:315)
	at Factile_Mode.DGBP_HSB_TestCase_7.PlayerScreen(DGBP_HSB_TestCase_7.java:184)
	at Factile_Mode.DGBP_HSB_TestCase_7.TC_7_Verify_Exact_Case_When_checked_At_Global_Settings(DGBP_HSB_TestCase_7.java:90)
	at java.base/java.util.ArrayList.forEach(ArrayList.java:1511)
... Removed 32 stack frames</pre></div><a href='#' onClick='toggleBox("stack-trace196668120", this, "Click to show all stack frames", "Click to hide stack frames")'>Click to show all stack frames</a>
<div class='stack-trace' id='stack-trace196668120'><pre>org.openqa.selenium.NoSuchElementException: no such element: Unable to locate element: {&quot;method&quot;:&quot;xpath&quot;,&quot;selector&quot;:&quot;(//div[@class=&apos;characterBlock position-relative&apos;])[last()]&quot;}
  (Session info: chrome=86.0.4240.75)
For documentation on this error, please visit: https://www.seleniumhq.org/exceptions/no_such_element.html
Build info: version: &apos;3.141.59&apos;, revision: &apos;e82be7d358&apos;, time: &apos;2018-11-14T08:17:03&apos;
System info: host: &apos;DESKTOP-HKE6JL3&apos;, ip: &apos;192.168.0.106&apos;, os.name: &apos;Windows 10&apos;, os.arch: &apos;amd64&apos;, os.version: &apos;10.0&apos;, java.version: &apos;15.0.1&apos;
Driver info: org.openqa.selenium.chrome.ChromeDriver
Capabilities {acceptInsecureCerts: false, browserName: chrome, browserVersion: 86.0.4240.75, chrome: {chromedriverVersion: 86.0.4240.22 (398b0743353ff..., userDataDir: C:\Users\DELIGE~1\AppData\L...}, goog:chromeOptions: {debuggerAddress: localhost:59739}, javascriptEnabled: true, networkConnectionEnabled: false, pageLoadStrategy: normal, platform: WINDOWS, platformName: WINDOWS, proxy: Proxy(), setWindowRect: true, strictFileInteractability: false, timeouts: {implicit: 0, pageLoad: 300000, script: 30000}, unhandledPromptBehavior: dismiss and notify, webauthn:virtualAuthenticators: true}
Session ID: 542cf9d9fbf979b0c25ff2b99c2debdb
*** Element info: {Using=xpath, value=(//div[@class=&apos;characterBlock position-relative&apos;])[last()]}
	at java.base/jdk.internal.reflect.NativeConstructorAccessorImpl.newInstance0(Native Method)
	at java.base/jdk.internal.reflect.NativeConstructorAccessorImpl.newInstance(NativeConstructorAccessorImpl.java:64)
	at java.base/jdk.internal.reflect.DelegatingConstructorAccessorImpl.newInstance(DelegatingConstructorAccessorImpl.java:45)
	at java.base/java.lang.reflect.Constructor.newInstanceWithCaller(Constructor.java:500)
	at java.base/java.lang.reflect.Constructor.newInstance(Constructor.java:481)
	at org.openqa.selenium.remote.http.W3CHttpResponseCodec.createException(W3CHttpResponseCodec.java:187)
	at org.openqa.selenium.remote.http.W3CHttpResponseCodec.decode(W3CHttpResponseCodec.java:122)
	at org.openqa.selenium.remote.http.W3CHttpResponseCodec.decode(W3CHttpResponseCodec.java:49)
	at org.openqa.selenium.remote.HttpCommandExecutor.execute(HttpCommandExecutor.java:158)
	at org.openqa.selenium.remote.service.DriverCommandExecutor.execute(DriverCommandExecutor.java:83)
	at org.openqa.selenium.remote.RemoteWebDriver.execute(RemoteWebDriver.java:552)
	at org.openqa.selenium.remote.RemoteWebDriver.findElement(RemoteWebDriver.java:323)
	at org.openqa.selenium.remote.RemoteWebDriver.findElementByXPath(RemoteWebDriver.java:428)
	at org.openqa.selenium.By$ByXPath.findElement(By.java:353)
	at org.openqa.selenium.remote.RemoteWebDriver.findElement(RemoteWebDriver.java:315)
	at Factile_Mode.DGBP_HSB_TestCase_7.PlayerScreen(DGBP_HSB_TestCase_7.java:184)
	at Factile_Mode.DGBP_HSB_TestCase_7.TC_7_Verify_Exact_Case_When_checked_At_Global_Settings(DGBP_HSB_TestCase_7.java:90)
	at java.base/jdk.internal.reflect.NativeMethodAccessorImpl.invoke0(Native Method)
	at java.base/jdk.internal.reflect.NativeMethodAccessorImpl.invoke(NativeMethodAccessorImpl.java:64)
	at java.base/jdk.internal.reflect.DelegatingMethodAccessorImpl.invoke(DelegatingMethodAccessorImpl.java:43)
	at java.base/java.lang.reflect.Method.invoke(Method.java:564)
	at org.testng.internal.MethodInvocationHelper.invokeMethod(MethodInvocationHelper.java:133)
	at org.testng.internal.TestInvoker.invokeMethod(TestInvoker.java:584)
	at org.testng.internal.TestInvoker.invokeTestMethod(TestInvoker.java:172)
	at org.testng.internal.MethodRunner.runInSequence(MethodRunner.java:46)
	at org.testng.internal.TestInvoker$MethodInvocationAgent.invoke(TestInvoker.java:804)
	at org.testng.internal.TestInvoker.invokeTestMethods(TestInvoker.java:145)
	at org.testng.internal.TestMethodWorker.invokeTestMethods(TestMethodWorker.java:146)
	at org.testng.internal.TestMethodWorker.run(TestMethodWorker.java:128)
	at java.base/java.util.ArrayList.forEach(ArrayList.java:1511)
	at org.testng.TestRunner.privateRun(TestRunner.java:770)
	at org.testng.TestRunner.run(TestRunner.java:591)
	at org.testng.SuiteRunner.runTest(SuiteRunner.java:402)
	at org.testng.SuiteRunner.runSequentially(SuiteRunner.java:396)
	at org.testng.SuiteRunner.privateRun(SuiteRunner.java:355)
	at org.testng.SuiteRunner.run(SuiteRunner.java:304)
	at org.testng.SuiteRunnerWorker.runSuite(SuiteRunnerWorker.java:53)
	at org.testng.SuiteRunnerWorker.run(SuiteRunnerWorker.java:96)
	at org.testng.TestNG.runSuitesSequentially(TestNG.java:1180)
	at org.testng.TestNG.runSuitesLocally(TestNG.java:1102)
	at org.testng.TestNG.runSuites(TestNG.java:1032)
	at org.testng.TestNG.run(TestNG.java:1000)
	at org.testng.remote.AbstractRemoteTestNG.run(AbstractRemoteTestNG.java:115)
	at org.testng.remote.RemoteTestNG.initAndRun(RemoteTestNG.java:251)
	at org.testng.remote.RemoteTestNG.main(RemoteTestNG.java:77)
</pre></div></td>
<td>116</td>
<td>Factile_Mode.DGBP_HSB_TestCase_7@2f9a01c1</td></tr>
</table><p>
<table width='100%' border='1' class='invocation-passed'>
<tr><td colspan='4' align='center'><b>PASSED TESTS</b></td></tr>
<tr><td><b>Test method</b></td>
<td width="30%"><b>Exception</b></td>
<td width="10%"><b>Time (seconds)</b></td>
<td><b>Instance</b></td>
</tr>
<tr>
<td title='Factile_Mode.DGBP_HSB_TestCase_10.TC_10_Verify_Display_Answer_Button_When_checked_At_Global_Settings()'><b>TC_10_Verify_Display_Answer_Button_When_checked_At_Global_Settings</b><br>Test class: Factile_Mode.DGBP_HSB_TestCase_10</td>
<td></td>
<td>86</td>
<td>Factile_Mode.DGBP_HSB_TestCase_10@293d0107</td></tr>
<tr>
<td title='Factile_Mode.DGBP_HSB_TestCase_11.TC_11_Verify_Display_Tag_Name_when_Unchecked_At_Global_Settings()'><b>TC_11_Verify_Display_Tag_Name_when_Unchecked_At_Global_Settings</b><br>Test class: Factile_Mode.DGBP_HSB_TestCase_11</td>
<td></td>
<td>78</td>
<td>Factile_Mode.DGBP_HSB_TestCase_11@5b080f3a</td></tr>
<tr>
<td title='Factile_Mode.DGBP_HSB_TestCase_12.TC_12_Verify_Turn_of_Tag_Name_when_checked_At_Global_Settings()'><b>TC_12_Verify_Turn_of_Tag_Name_when_checked_At_Global_Settings</b><br>Test class: Factile_Mode.DGBP_HSB_TestCase_12</td>
<td></td>
<td>187</td>
<td>Factile_Mode.DGBP_HSB_TestCase_12@71984c3</td></tr>
<tr>
<td title='Factile_Mode.DGBP_HSB_TestCase_13.TC_13_Verify_Play_as_Jeopardy_Style()'><b>TC_13_Verify_Play_as_Jeopardy_Style</b><br>Test class: Factile_Mode.DGBP_HSB_TestCase_13</td>
<td></td>
<td>75</td>
<td>Factile_Mode.DGBP_HSB_TestCase_13@2b491fee</td></tr>
<tr>
<td title='Factile_Mode.DGBP_HSB_TestCase_14.TC_14_Verify_Play_as_Numbered_Tile_instead_of_Jeopardy_Style()'><b>TC_14_Verify_Play_as_Numbered_Tile_instead_of_Jeopardy_Style</b><br>Test class: Factile_Mode.DGBP_HSB_TestCase_14</td>
<td></td>
<td>62</td>
<td>Factile_Mode.DGBP_HSB_TestCase_14@376a312c</td></tr>
<tr>
<td title='Factile_Mode.DGBP_HSB_TestCase_4.TC_4_Verify_Show_Social_Media_on_Gameboard()'><b>TC_4_Verify_Show_Social_Media_on_Gameboard</b><br>Test class: Factile_Mode.DGBP_HSB_TestCase_4</td>
<td></td>
<td>73</td>
<td>Factile_Mode.DGBP_HSB_TestCase_4@f0e995e</td></tr>
<tr>
<td title='Factile_Mode.DGBP_HSB_TestCase_5.TC_5_Verify_Hide_Social_Media_Link_on_Gameboard_at_ModeaterScreen()'><b>TC_5_Verify_Hide_Social_Media_Link_on_Gameboard_at_ModeaterScreen</b><br>Test class: Factile_Mode.DGBP_HSB_TestCase_5</td>
<td></td>
<td>122</td>
<td>Factile_Mode.DGBP_HSB_TestCase_5@339bf286</td></tr>
<tr>
<td title='Factile_Mode.DGBP_HSB_TestCase_6.TC_6_Verify_Exact_Case_When_Unchecked_At_Global_Settings()'><b>TC_6_Verify_Exact_Case_When_Unchecked_At_Global_Settings</b><br>Test class: Factile_Mode.DGBP_HSB_TestCase_6</td>
<td></td>
<td>71</td>
<td>Factile_Mode.DGBP_HSB_TestCase_6@366ef90e</td></tr>
<tr>
<td title='Factile_Mode.DGBP_HSB_TestCase_8.TC_8_Verify_Hide_category_with_Points_When_Unchecked_At_Global_Settings()'><b>TC_8_Verify_Hide_category_with_Points_When_Unchecked_At_Global_Settings</b><br>Test class: Factile_Mode.DGBP_HSB_TestCase_8</td>
<td></td>
<td>64</td>
<td>Factile_Mode.DGBP_HSB_TestCase_8@4763c727</td></tr>
<tr>
<td title='Factile_Mode.DGBP_HSB_TestCase_9.TC_9_Verify_Hide_category_with_Points_When_checked_At_Global_Settings()'><b>TC_9_Verify_Hide_category_with_Points_When_checked_At_Global_Settings</b><br>Test class: Factile_Mode.DGBP_HSB_TestCase_9</td>
<td></td>
<td>68</td>
<td>Factile_Mode.DGBP_HSB_TestCase_9@51e8e6e6</td></tr>
</table><p>
</body>
</html>