<?xml version="1.0" encoding="UTF-8"?>
<!-- Generated by org.testng.reporters.JUnitXMLReporter -->
<testsuite ignored="0" hostname="DESKTOP-HKE6JL3" failures="1" tests="1" name="Verify_reading_timer" time="135.222" errors="0" timestamp="2021-01-26T19:39:12 IST">
  <testcase classname="Factile_Mode.DGBP_HSB_TestCase_36" name="TC_36_Verify_Reading_Timer" time="126.727">
    <failure type="java.lang.AssertionError" message="did not expect to find [true] but found [false]">
      <![CDATA[java.lang.AssertionError: did not expect to find [true] but found [false]
at Factile_Mode.DGBP_HSB_TestCase_36.PlayerScreen(DGBP_HSB_TestCase_36.java:261)
at Factile_Mode.DGBP_HSB_TestCase_36.TC_36_Verify_Reading_Timer(DGBP_HSB_TestCase_36.java:75)
at java.base/java.util.ArrayList.forEach(ArrayList.java:1511)
... Removed 31 stack frames]]>
    </failure>
  </testcase> <!-- TC_36_Verify_Reading_Timer -->
</testsuite> <!-- Verify_reading_timer -->
